0 info it worked if it ends with ok
1 verbose cli [ '/usr/local/bin/node',
1 verbose cli   '/usr/local/bin/npm',
1 verbose cli   'install',
1 verbose cli   '-g',
1 verbose cli   'ios-deploy' ]
2 info using npm@3.10.10
3 info using node@v6.9.5
4 silly loadCurrentTree Starting
5 silly install loadCurrentTree
6 silly install readGlobalPackageData
7 silly fetchPackageMetaData ios-deploy
8 silly fetchNamedPackageData ios-deploy
9 silly mapToRegistry name ios-deploy
10 silly mapToRegistry using default registry
11 silly mapToRegistry registry https://registry.npmjs.org/
12 silly mapToRegistry data Result {
12 silly mapToRegistry   raw: 'ios-deploy',
12 silly mapToRegistry   scope: null,
12 silly mapToRegistry   escapedName: 'ios-deploy',
12 silly mapToRegistry   name: 'ios-deploy',
12 silly mapToRegistry   rawSpec: '',
12 silly mapToRegistry   spec: 'latest',
12 silly mapToRegistry   type: 'tag' }
13 silly mapToRegistry uri https://registry.npmjs.org/ios-deploy
14 verbose request uri https://registry.npmjs.org/ios-deploy
15 verbose request no auth needed
16 info attempt registry request try #1 at 1:39:50 AM
17 verbose request id 4c77d0fd4014db27
18 verbose etag W/"589653e6-a556"
19 verbose lastModified Sat, 04 Feb 2017 22:21:26 GMT
20 http request GET https://registry.npmjs.org/ios-deploy
21 http 200 https://registry.npmjs.org/ios-deploy
22 verbose headers { server: 'nginx/1.10.1',
22 verbose headers   'content-type': 'application/json',
22 verbose headers   'last-modified': 'Mon, 28 Aug 2017 01:47:32 GMT',
22 verbose headers   etag: 'W/"59a37634-a5a0"',
22 verbose headers   'content-encoding': 'gzip',
22 verbose headers   'cache-control': 'max-age=300',
22 verbose headers   'content-length': '6501',
22 verbose headers   'accept-ranges': 'bytes',
22 verbose headers   date: 'Fri, 01 Sep 2017 00:39:50 GMT',
22 verbose headers   via: '1.1 varnish',
22 verbose headers   age: '0',
22 verbose headers   connection: 'keep-alive',
22 verbose headers   'x-served-by': 'cache-lhr6333-LHR',
22 verbose headers   'x-cache': 'HIT',
22 verbose headers   'x-cache-hits': '1',
22 verbose headers   'x-timer': 'S1504226390.448163,VS0,VE15',
22 verbose headers   vary: 'Accept-Encoding, Accept' }
23 silly get cb [ 200,
23 silly get   { server: 'nginx/1.10.1',
23 silly get     'content-type': 'application/json',
23 silly get     'last-modified': 'Mon, 28 Aug 2017 01:47:32 GMT',
23 silly get     etag: 'W/"59a37634-a5a0"',
23 silly get     'content-encoding': 'gzip',
23 silly get     'cache-control': 'max-age=300',
23 silly get     'content-length': '6501',
23 silly get     'accept-ranges': 'bytes',
23 silly get     date: 'Fri, 01 Sep 2017 00:39:50 GMT',
23 silly get     via: '1.1 varnish',
23 silly get     age: '0',
23 silly get     connection: 'keep-alive',
23 silly get     'x-served-by': 'cache-lhr6333-LHR',
23 silly get     'x-cache': 'HIT',
23 silly get     'x-cache-hits': '1',
23 silly get     'x-timer': 'S1504226390.448163,VS0,VE15',
23 silly get     vary: 'Accept-Encoding, Accept' } ]
24 verbose get saving ios-deploy to /Users/damien/.npm/registry.npmjs.org/ios-deploy/.cache.json
25 verbose correctMkdir /Users/damien/.npm correctMkdir not in flight; initializing
26 silly install normalizeTree
27 silly loadCurrentTree Finishing
28 silly loadIdealTree Starting
29 silly install loadIdealTree
30 silly cloneCurrentTree Starting
31 silly install cloneCurrentTreeToIdealTree
32 silly cloneCurrentTree Finishing
33 silly loadShrinkwrap Starting
34 silly install loadShrinkwrap
35 silly loadShrinkwrap Finishing
36 silly loadAllDepsIntoIdealTree Starting
37 silly install loadAllDepsIntoIdealTree
38 silly resolveWithNewModule ios-deploy@1.9.1 checking installable status
39 silly cache add args [ 'ios-deploy', null ]
40 verbose cache add spec ios-deploy
41 silly cache add parsed spec Result {
41 silly cache add   raw: 'ios-deploy',
41 silly cache add   scope: null,
41 silly cache add   escapedName: 'ios-deploy',
41 silly cache add   name: 'ios-deploy',
41 silly cache add   rawSpec: '',
41 silly cache add   spec: 'latest',
41 silly cache add   type: 'tag' }
42 silly addNamed ios-deploy@latest
43 verbose addNamed "latest" is being treated as a dist-tag for ios-deploy
44 info addNameTag [ 'ios-deploy', 'latest' ]
45 silly mapToRegistry name ios-deploy
46 silly mapToRegistry using default registry
47 silly mapToRegistry registry https://registry.npmjs.org/
48 silly mapToRegistry data Result {
48 silly mapToRegistry   raw: 'ios-deploy',
48 silly mapToRegistry   scope: null,
48 silly mapToRegistry   escapedName: 'ios-deploy',
48 silly mapToRegistry   name: 'ios-deploy',
48 silly mapToRegistry   rawSpec: '',
48 silly mapToRegistry   spec: 'latest',
48 silly mapToRegistry   type: 'tag' }
49 silly mapToRegistry uri https://registry.npmjs.org/ios-deploy
50 verbose addNameTag registry:https://registry.npmjs.org/ios-deploy not in flight; fetching
51 verbose get https://registry.npmjs.org/ios-deploy not expired, no request
52 silly addNameTag next cb for ios-deploy with tag latest
53 silly addNamed ios-deploy@1.9.1
54 verbose addNamed "1.9.1" is a plain semver version for ios-deploy
55 silly cache afterAdd ios-deploy@1.9.1
56 verbose afterAdd /Users/damien/.npm/ios-deploy/1.9.1/package/package.json not in flight; writing
57 verbose correctMkdir /Users/damien/.npm correctMkdir not in flight; initializing
58 verbose afterAdd /Users/damien/.npm/ios-deploy/1.9.1/package/package.json written
59 silly loadAllDepsIntoIdealTree Finishing
60 silly loadIdealTree Finishing
61 silly currentTree lib
62 silly idealTree lib
62 silly idealTree └── ios-deploy@1.9.1
63 silly generateActionsToTake Starting
64 silly install generateActionsToTake
65 warn checkPermissions Missing write access to /usr/local/lib/node_modules
66 silly rollbackFailedOptional Starting
67 silly rollbackFailedOptional Finishing
68 silly runTopLevelLifecycles Finishing
69 silly install printInstalled
70 verbose stack Error: EACCES: permission denied, access '/usr/local/lib/node_modules'
70 verbose stack     at Error (native)
71 verbose cwd /Users/damien/Documents/GMIT/3rdYear/Second Semester/ThirdYearProject/FirebaseMathHelperApp
72 error Darwin 16.6.0
73 error argv "/usr/local/bin/node" "/usr/local/bin/npm" "install" "-g" "ios-deploy"
74 error node v6.9.5
75 error npm  v3.10.10
76 error path /usr/local/lib/node_modules
77 error code EACCES
78 error errno -13
79 error syscall access
80 error Error: EACCES: permission denied, access '/usr/local/lib/node_modules'
80 error     at Error (native)
80 error  { Error: EACCES: permission denied, access '/usr/local/lib/node_modules'
80 error     at Error (native)
80 error   errno: -13,
80 error   code: 'EACCES',
80 error   syscall: 'access',
80 error   path: '/usr/local/lib/node_modules' }
81 error Please try running this command again as root/Administrator.
82 verbose exit [ -13, true ]
